Jan 22, 2026 6:46:23 PM com.rslock.common.RsLogger init
INFO: Logging initialized
Jan 22, 2026 6:46:23 PM com.rslock.common.RsLogger init
INFO: Log file: /home/iispl/Pictures/java_practice/rslock/rslock-decryptor.log
Jan 22, 2026 6:46:23 PM com.rslock.decryptor.RsfileDecryptor main
INFO: === RSLock File Decryptor ===

Jan 22, 2026 6:46:23 PM com.rslock.decryptor.RsfileDecryptor main
INFO: Source files: 1
Jan 22, 2026 6:46:23 PM com.rslock.decryptor.RsfileDecryptor main
INFO:   - test1.txt.rslocked
Jan 22, 2026 6:46:23 PM com.rslock.decryptor.RsfileDecryptor main
INFO: Keystore: rskeystore.p12
Jan 22, 2026 6:46:23 PM com.rslock.decryptor.RsfileDecryptor main
INFO: Loading keystore...
Jan 22, 2026 6:46:24 PM com.rslock.decryptor.RsfileDecryptor main
INFO: ✓ Keystore loaded
Jan 22, 2026 6:46:24 PM com.rslock.decryptor.RsfileDecryptor main
INFO: ✓ Private key loaded

Jan 22, 2026 6:46:24 PM com.rslock.decryptor.RsfileDecryptor main
INFO: [1/1] Processing: test1.txt.rslocked
Jan 22, 2026 6:46:24 PM com.rslock.decryptor.RsfileDecryptor main
INFO:      ✓ Decrypted successfully

Jan 22, 2026 6:46:24 PM com.rslock.decryptor.RsfileDecryptor main
INFO: === Decryption Complete ===
Jan 22, 2026 6:46:24 PM com.rslock.decryptor.RsfileDecryptor main
INFO: Total files decrypted: 1
